0 info it worked if it ends with ok
1 verbose cli [ 'D:\\nvm\\nodejs\\node.exe',
1 verbose cli   'C:\\Users\\yangfei\\AppData\\Roaming\\npm\\node_modules\\npm\\bin\\npm-cli.js',
1 verbose cli   'publish' ]
2 info using npm@2.14.15
3 info using node@v0.12.9
4 verbose publish [ '.' ]
5 silly cache add args [ '.', null ]
6 verbose cache add spec .
7 silly cache add parsed spec { raw: '.',
7 silly cache add   scope: null,
7 silly cache add   name: null,
7 silly cache add   rawSpec: '.',
7 silly cache add   spec: 'D:\\workspace\\cmpjs',
7 silly cache add   type: 'directory' }
8 verbose addLocalDirectory C:\Users\yangfei\AppData\Roaming\npm-cache\cmpjs\1.0.0\package.tgz not in flight; packing
9 verbose tar pack [ 'C:\\Users\\yangfei\\AppData\\Roaming\\npm-cache\\cmpjs\\1.0.0\\package.tgz',
9 verbose tar pack   'D:\\workspace\\cmpjs' ]
10 verbose tarball C:\Users\yangfei\AppData\Roaming\npm-cache\cmpjs\1.0.0\package.tgz
11 verbose folder D:\workspace\cmpjs
12 info prepublish cmpjs@1.0.0
13 verbose addLocalTarball adding from inside cache C:\Users\yangfei\AppData\Roaming\npm-cache\cmpjs\1.0.0\package.tgz
14 silly cache afterAdd cmpjs@1.0.0
15 verbose afterAdd C:\Users\yangfei\AppData\Roaming\npm-cache\cmpjs\1.0.0\package\package.json not in flight; writing
16 verbose afterAdd C:\Users\yangfei\AppData\Roaming\npm-cache\cmpjs\1.0.0\package\package.json written
17 silly publish { name: 'cmpjs',
17 silly publish   version: '1.0.0',
17 silly publish   description: 'components built tools',
17 silly publish   main: 'index.js',
17 silly publish   directories: { test: 'test' },
17 silly publish   repository:
17 silly publish    { type: 'git',
17 silly publish      url: 'git+ssh://git@github.com/muyi0327/cmpjs.git' },
17 silly publish   scripts: { test: 'karma' },
17 silly publish   keywords: [ 'components', 'cmpjs' ],
17 silly publish   bin: { cmp: './index.js' },
17 silly publish   author: { name: 'freb' },
17 silly publish   license: 'ISC',
17 silly publish   dependencies:
17 silly publish    { 'babel-core': '^6.6.5',
17 silly publish      'babel-plugin-transform-es2015-modules-amd': '^6.6.5',
17 silly publish      'babel-plugin-transform-es2015-modules-commonjs': '^6.6.5',
17 silly publish      'babel-plugin-transform-es2015-modules-umd': '^6.6.5',
17 silly publish      commander: '^2.9.0',
17 silly publish      dom5: '^1.3.1',
17 silly publish      glob: '^7.0.3',
17 silly publish      inquirer: '^0.12.0',
17 silly publish      'node-sass': '^3.4.2',
17 silly publish      parse5: '^2.1.5',
17 silly publish      'parse5-utils': '^1.4.1',
17 silly publish      'string-to-stream': '^1.0.1' },
17 silly publish   devDependencies:
17 silly publish    { 'jasmine-core': '^2.4.1',
17 silly publish      karma: '^0.13.21',
17 silly publish      'karma-chrome-launcher': '^0.2.2',
17 silly publish      'karma-coverage': '^0.5.5',
17 silly publish      'karma-jasmine': '^0.3.7',
17 silly publish      'karma-phantomjs-launcher': '^1.0.0',
17 silly publish      'phantomjs-prebuilt': '^2.1.4' },
17 silly publish   readme: '# cmpjs\r\ncomponents build tools\r\n',
17 silly publish   readmeFilename: 'README.md',
17 silly publish   gitHead: 'cb729de6faedba122c27b1c6bc9008ec043adc25',
17 silly publish   bugs: { url: 'https://github.com/muyi0327/cmpjs/issues' },
17 silly publish   homepage: 'https://github.com/muyi0327/cmpjs#readme',
17 silly publish   _id: 'cmpjs@1.0.0',
17 silly publish   _shasum: 'bf160c762af98b3aa30b193a1870bda310ee23be',
17 silly publish   _from: '.' }
18 verbose getPublishConfig undefined
19 silly mapToRegistry name cmpjs
20 silly mapToRegistry using default registry
21 silly mapToRegistry registry http://registry.npm.taobao.org/
22 silly mapToRegistry uri http://registry.npm.taobao.org/cmpjs
23 verbose publish registryBase http://registry.npm.taobao.org/
24 silly publish uploading C:\Users\yangfei\AppData\Roaming\npm-cache\cmpjs\1.0.0\package.tgz
25 verbose stack Error: auth required for publishing
25 verbose stack     at CachingRegistryClient.publish (C:\Users\yangfei\AppData\Roaming\npm\node_modules\npm\node_modules\npm-registry-client\lib\publish.js:30:14)
25 verbose stack     at C:\Users\yangfei\AppData\Roaming\npm\node_modules\npm\lib\publish.js:134:14
25 verbose stack     at mapToRegistry (C:\Users\yangfei\AppData\Roaming\npm\node_modules\npm\lib\utils\map-to-registry.js:55:3)
25 verbose stack     at publish_ (C:\Users\yangfei\AppData\Roaming\npm\node_modules\npm\lib\publish.js:104:3)
25 verbose stack     at Array.<anonymous> (C:\Users\yangfei\AppData\Roaming\npm\node_modules\npm\node_modules\slide\lib\bind-actor.js:15:8)
25 verbose stack     at LOOP (C:\Users\yangfei\AppData\Roaming\npm\node_modules\npm\node_modules\slide\lib\chain.js:15:14)
25 verbose stack     at LOOP (C:\Users\yangfei\AppData\Roaming\npm\node_modules\npm\node_modules\slide\lib\chain.js:14:28)
25 verbose stack     at chain (C:\Users\yangfei\AppData\Roaming\npm\node_modules\npm\node_modules\slide\lib\chain.js:20:5)
25 verbose stack     at C:\Users\yangfei\AppData\Roaming\npm\node_modules\npm\lib\publish.js:73:5
25 verbose stack     at RES (C:\Users\yangfei\AppData\Roaming\npm\node_modules\npm\node_modules\inflight\inflight.js:23:14)
26 verbose cwd D:\workspace\cmpjs
27 error Windows_NT 6.1.7601
28 error argv "D:\\nvm\\nodejs\\node.exe" "C:\\Users\\yangfei\\AppData\\Roaming\\npm\\node_modules\\npm\\bin\\npm-cli.js" "publish"
29 error node v0.12.9
30 error npm  v2.14.15
31 error code ENEEDAUTH
32 error need auth auth required for publishing
32 error need auth You need to authorize this machine using `npm adduser`
33 verbose exit [ 1, true ]
